<?xml version="1.0" encoding="UTF-8"?>
<!-- Generated by org.testng.reporters.JUnitReportReporter -->
<testsuite hostname="ABS-Macbook-Pro.local" failures="0" tests="5" name="tests.InsiderE2ETests" time="199.103" errors="0" timestamp="2025-10-05T23:33:45 GMT+03:00" skipped="0">
  <testcase classname="tests.InsiderE2ETests" name="test02_VerifyCareersPageAndSections" time="32.804"/>
  <testcase classname="tests.InsiderE2ETests" name="test03_VerifyQAJobsFiltering" time="53.715"/>
  <testcase classname="tests.InsiderE2ETests" name="test01_VerifyInsiderHomePageOpened" time="13.935"/>
  <testcase classname="tests.InsiderE2ETests" name="test04_VerifyJobDetails" time="42.553"/>
  <testcase classname="tests.InsiderE2ETests" name="test05_VerifyLeverApplicationRedirect" time="56.096"/>
</testsuite> <!-- tests.InsiderE2ETests -->
