<?xml version="1.0" encoding="UTF-8"?>
<!-- Generated by org.testng.reporters.JUnitReportReporter -->
<testsuite hostname="ABS-Macbook-Pro.local" failures="0" tests="5" name="tests.InsiderE2ETests" time="197.471" errors="0" timestamp="2025-10-04T23:41:49 GMT+03:00" skipped="0">
  <testcase classname="tests.InsiderE2ETests" name="test03_VerifyQAJobsFiltering" time="53.503"/>
  <testcase classname="tests.InsiderE2ETests" name="test02_VerifyCareersPageAndSections" time="32.384"/>
  <testcase classname="tests.InsiderE2ETests" name="test01_VerifyInsiderHomePageOpened" time="13.347"/>
  <testcase classname="tests.InsiderE2ETests" name="test04_VerifyJobDetails" time="42.492"/>
  <testcase classname="tests.InsiderE2ETests" name="test05_VerifyLeverApplicationRedirect" time="55.745"/>
</testsuite> <!-- tests.InsiderE2ETests -->
