<?xml version="1.0" encoding="UTF-8"?>
<!-- Generated by org.testng.reporters.JUnitReportReporter -->
<testsuite hostname="ABS-Macbook-Pro.local" failures="0" tests="5" name="tests.InsiderE2ETests" time="201.233" errors="0" timestamp="2025-10-04T22:26:50 GMT+03:00" skipped="0">
  <testcase classname="tests.InsiderE2ETests" name="test03_VerifyQAJobsFiltering" time="54.513"/>
  <testcase classname="tests.InsiderE2ETests" name="test01_VerifyInsiderHomePageOpened" time="14.698"/>
  <testcase classname="tests.InsiderE2ETests" name="test05_VerifyLeverApplicationRedirect" time="56.483"/>
  <testcase classname="tests.InsiderE2ETests" name="test04_VerifyJobDetails" time="43.481"/>
  <testcase classname="tests.InsiderE2ETests" name="test02_VerifyCareersPageAndSections" time="32.058"/>
</testsuite> <!-- tests.InsiderE2ETests -->
