<?xml version="1.0" encoding="UTF-8"?>
<!-- Generated by org.testng.reporters.JUnitReportReporter -->
<testsuite hostname="ABS-Macbook-Pro.local" failures="0" tests="5" name="tests.InsiderE2ETests" time="35.169" errors="0" timestamp="2025-10-03T15:13:13 GMT+03:00" skipped="0">
  <testcase classname="tests.InsiderE2ETests" name="test03_VerifyQAJobsFiltering" time="15.912"/>
  <testcase classname="tests.InsiderE2ETests" name="test01_VerifyInsiderHomePageOpened" time="3.566"/>
  <testcase classname="tests.InsiderE2ETests" name="test04_VerifyJobDetails" time="3.447"/>
  <testcase classname="tests.InsiderE2ETests" name="test05_VerifyLeverApplicationRedirect" time="3.867"/>
  <testcase classname="tests.InsiderE2ETests" name="test02_VerifyCareersPageAndSections" time="8.377"/>
</testsuite> <!-- tests.InsiderE2ETests -->
